c:\users\adrian\downloads\texturas\debug\texturas.pch
c:\users\adrian\downloads\texturas\debug\vc141.pdb
c:\users\adrian\downloads\texturas\debug\vc141.idb
c:\users\adrian\downloads\texturas\debug\stdafx.obj
c:\users\adrian\downloads\texturas\debug\imageloader.obj
c:\users\adrian\downloads\texturas\debug\texturas.obj
c:\users\adrian\downloads\texturas\debug\texturas.exe
c:\users\adrian\downloads\texturas\debug\texturas.ilk
c:\users\adrian\downloads\texturas\debug\texturas.pdb
c:\users\mfarf\onedrive\documentos\ito\10 semestre\graficación\unidad 3\texturas\debug\imageloader.obj
c:\users\mfarf\onedrive\documentos\ito\10 semestre\graficación\unidad 3\texturas\debug\stdafx.obj
c:\users\mfarf\onedrive\documentos\ito\10 semestre\graficación\unidad 3\texturas\debug\texturas.obj
c:\users\mfarf\onedrive\documentos\ito\10 semestre\graficación\unidad 3\texturas\debug\texturas.ilk
c:\users\mfarf\onedrive\documentos\ito\10 semestre\graficación\unidad 3\texturas\debug\texturas.pch
c:\users\mfarf\onedrive\documentos\ito\10 semestre\graficación\unidad 3\texturas\debug\vc141.idb
c:\users\mfarf\onedrive\documentos\ito\10 semestre\graficación\unidad 3\texturas\debug\texturas.pdb
c:\users\mfarf\onedrive\documentos\ito\10 semestre\graficación\unidad 3\texturas\debug\vc141.pdb
c:\users\mfarf\onedrive\documentos\ito\10 semestre\graficación\unidad 3\texturas\debug\texturas.exe
c:\users\mfarf\onedrive\documentos\ito\10 semestre\graficación\unidad 3\texturas\debug\texturas.tlog\cl.command.1.tlog
c:\users\mfarf\onedrive\documentos\ito\10 semestre\graficación\unidad 3\texturas\debug\texturas.tlog\cl.read.1.tlog
c:\users\mfarf\onedrive\documentos\ito\10 semestre\graficación\unidad 3\texturas\debug\texturas.tlog\cl.write.1.tlog
c:\users\mfarf\onedrive\documentos\ito\10 semestre\graficación\unidad 3\texturas\debug\texturas.tlog\link.command.1.tlog
c:\users\mfarf\onedrive\documentos\ito\10 semestre\graficación\unidad 3\texturas\debug\texturas.tlog\link.read.1.tlog
c:\users\mfarf\onedrive\documentos\ito\10 semestre\graficación\unidad 3\texturas\debug\texturas.tlog\link.write.1.tlog
